  [1m[36mSQL (13.2ms)[0m  [1mSHOW TABLES[0m
  [1m[35mSQL (1044.0ms)[0m  CREATE TABLE `schema_migrations` (`version` varchar(255) NOT NULL) ENGINE=InnoDB
  [1m[36mSQL (87.2ms)[0m  [1mSHOW KEYS FROM `schema_migrations`[0m
  [1m[35mSQL (421.5ms)[0m  CREATE UNIQUE INDEX `unique_schema_migrations` ON `schema_migrations` (`version`)
  [1m[36mSQL (0.3ms)[0m  [1mSHOW TABLES[0m
  [1m[35mSQL (0.2ms)[0m  SHOW TABLES
  [1m[36mSQL (0.3ms)[0m  [1mSELECT `schema_migrations`.`version` FROM `schema_migrations`[0m
Migrating to CreateUsers (20111215195722)
  [1m[35mSQL (168.3ms)[0m  CREATE TABLE `users` (`id` int(11) DEFAULT NULL auto_increment PRIMARY KEY, `email` varchar(255), `created_at` datetime, `updated_at` datetime) ENGINE=InnoDB
  [1m[36mSQL (13.2ms)[0m  [1mINSERT INTO `schema_migrations` (`version`) VALUES ('20111215195722')[0m
  [1m[35mSQL (0.5ms)[0m  SHOW TABLES
  [1m[36mSQL (0.2ms)[0m  [1mSELECT `schema_migrations`.`version` FROM `schema_migrations`[0m
  [1m[35mSQL (0.3ms)[0m  SHOW TABLES
  [1m[36mSQL (1.8ms)[0m  [1mdescribe `users`[0m
  [1m[35mSQL (0.5ms)[0m  SHOW KEYS FROM `users`
DEPRECATION WARNING: config.action_view.debug_rjs will be removed in 3.1, from 3.1 onwards you will need to install prototype-rails to continue to use RJS templates . (called from service at /Users/Ben/.rvm/rubies/ruby-1.8.7-p352/lib/ruby/1.8/webrick/httpserver.rb:104)


Started GET "/" for 127.0.0.1 at Thu Dec 15 13:04:07 -0700 2011
  Processing by UsersController#landing_page as HTML
Rendered users/landing_page.html.erb within layouts/application (2.2ms)
Completed 200 OK in 13ms (Views: 12.2ms | ActiveRecord: 0.0ms)


Started GET "/" for 127.0.0.1 at Thu Dec 15 13:08:09 -0700 2011
  Processing by UsersController#landing_page as HTML
Rendered users/landing_page.html.erb within layouts/application (1.8ms)
Completed 200 OK in 8ms (Views: 7.6ms | ActiveRecord: 0.0ms)


Started GET "/" for 127.0.0.1 at Thu Dec 15 13:09:16 -0700 2011
  Processing by UsersController#landing_page as HTML
Rendered users/landing_page.html.erb within layouts/application (1.7ms)
Completed 200 OK in 8ms (Views: 7.2ms | ActiveRecord: 0.0ms)


Started GET "/" for 127.0.0.1 at Thu Dec 15 13:11:23 -0700 2011
  Processing by UsersController#landing_page as HTML
Rendered users/landing_page.html.erb within layouts/application (1.7ms)
Completed 200 OK in 7ms (Views: 6.8ms | ActiveRecord: 0.0ms)


Started GET "/" for 127.0.0.1 at Thu Dec 15 13:11:40 -0700 2011
  Processing by UsersController#landing_page as HTML
Rendered users/landing_page.html.erb within layouts/application (1.6ms)
Completed 200 OK in 7ms (Views: 6.9ms | ActiveRecord: 0.0ms)


Started GET "/" for 127.0.0.1 at Thu Dec 15 13:11:51 -0700 2011
  Processing by UsersController#landing_page as HTML
Rendered users/landing_page.html.erb within layouts/application (1.8ms)
Completed 200 OK in 8ms (Views: 7.0ms | ActiveRecord: 0.0ms)


Started GET "/" for 127.0.0.1 at Thu Dec 15 13:11:52 -0700 2011
  Processing by UsersController#landing_page as HTML
Rendered users/landing_page.html.erb within layouts/application (1.7ms)
Completed 200 OK in 8ms (Views: 7.1ms | ActiveRecord: 0.0ms)


Started GET "/" for 127.0.0.1 at Thu Dec 15 13:13:04 -0700 2011
  Processing by UsersController#landing_page as HTML
Rendered users/landing_page.html.erb within layouts/application (6.1ms)
Completed 200 OK in 12ms (Views: 12.0ms | ActiveRecord: 0.0ms)


Started GET "/" for 127.0.0.1 at Thu Dec 15 13:13:06 -0700 2011
  Processing by UsersController#landing_page as HTML
Rendered users/landing_page.html.erb within layouts/application (1.8ms)
Completed 200 OK in 9ms (Views: 8.3ms | ActiveRecord: 0.0ms)


Started GET "/" for 127.0.0.1 at Thu Dec 15 13:13:19 -0700 2011
  Processing by UsersController#landing_page as HTML
Rendered users/landing_page.html.erb within layouts/application (1.8ms)
Completed 200 OK in 8ms (Views: 7.4ms | ActiveRecord: 0.0ms)


Started GET "/" for 127.0.0.1 at Thu Dec 15 13:13:34 -0700 2011
  Processing by UsersController#landing_page as HTML
Rendered users/landing_page.html.erb within layouts/application (1.6ms)
Completed 200 OK in 8ms (Views: 7.1ms | ActiveRecord: 0.0ms)


Started GET "/" for 127.0.0.1 at Thu Dec 15 13:13:47 -0700 2011
  Processing by UsersController#landing_page as HTML
Rendered users/landing_page.html.erb within layouts/application (1.7ms)
Completed 200 OK in 7ms (Views: 6.9ms | ActiveRecord: 0.0ms)


Started GET "/" for 127.0.0.1 at Thu Dec 15 13:14:07 -0700 2011
  Processing by UsersController#landing_page as HTML
Rendered users/landing_page.html.erb within layouts/application (1.7ms)
Completed 200 OK in 7ms (Views: 7.1ms | ActiveRecord: 0.0ms)


Started GET "/" for 127.0.0.1 at Thu Dec 15 13:14:18 -0700 2011
  Processing by UsersController#landing_page as HTML
Rendered users/landing_page.html.erb within layouts/application (1.8ms)
Completed 200 OK in 7ms (Views: 7.0ms | ActiveRecord: 0.0ms)


Started GET "/" for 127.0.0.1 at Thu Dec 15 13:14:29 -0700 2011
  Processing by UsersController#landing_page as HTML
Rendered users/landing_page.html.erb within layouts/application (1.6ms)
Completed 200 OK in 8ms (Views: 7.1ms | ActiveRecord: 0.0ms)


Started GET "/" for 127.0.0.1 at Thu Dec 15 13:14:49 -0700 2011
  Processing by UsersController#landing_page as HTML
Rendered users/landing_page.html.erb within layouts/application (1.9ms)
Completed 200 OK in 8ms (Views: 7.4ms | ActiveRecord: 0.0ms)


Started GET "/" for 127.0.0.1 at Thu Dec 15 13:16:53 -0700 2011
  Processing by UsersController#landing_page as HTML
Rendered users/landing_page.html.erb within layouts/application (1.7ms)
Completed 200 OK in 8ms (Views: 7.4ms | ActiveRecord: 0.0ms)


Started GET "/" for 127.0.0.1 at Thu Dec 15 13:18:47 -0700 2011
  Processing by UsersController#landing_page as HTML
Rendered users/landing_page.html.erb within layouts/application (1.8ms)
Completed 200 OK in 8ms (Views: 7.9ms | ActiveRecord: 0.0ms)


Started GET "/" for 127.0.0.1 at Thu Dec 15 13:19:48 -0700 2011
  Processing by UsersController#landing_page as HTML
Rendered users/landing_page.html.erb within layouts/application (1.8ms)
Completed 200 OK in 8ms (Views: 7.1ms | ActiveRecord: 0.0ms)


Started GET "/" for 127.0.0.1 at Thu Dec 15 13:20:25 -0700 2011
  Processing by UsersController#landing_page as HTML
Rendered users/landing_page.html.erb within layouts/application (1.7ms)
Completed 200 OK in 7ms (Views: 7.0ms | ActiveRecord: 0.0ms)
DEPRECATION WARNING: config.action_view.debug_rjs will be removed in 3.1, from 3.1 onwards you will need to install prototype-rails to continue to use RJS templates . (called from service at /Users/Ben/.rvm/rubies/ruby-1.8.7-p352/lib/ruby/1.8/webrick/httpserver.rb:104)


Started GET "/" for 127.0.0.1 at Mon Dec 19 00:15:20 -0700 2011
  Processing by UsersController#landing_page as HTML
Rendered users/landing_page.html.erb within layouts/application (3.1ms)
Completed 200 OK in 37ms (Views: 36.7ms | ActiveRecord: 0.0ms)


Started GET "/" for 127.0.0.1 at Mon Dec 19 00:22:51 -0700 2011
  Processing by UsersController#landing_page as HTML
Rendered users/landing_page.html.erb within layouts/application (1.9ms)
Completed 200 OK in 8ms (Views: 7.5ms | ActiveRecord: 0.0ms)


Started GET "/" for 127.0.0.1 at Mon Dec 19 00:23:04 -0700 2011
  Processing by UsersController#landing_page as HTML
Rendered users/landing_page.html.erb within layouts/application (1.8ms)
Completed 200 OK in 8ms (Views: 7.5ms | ActiveRecord: 0.0ms)


Started GET "/" for 127.0.0.1 at Mon Dec 19 00:23:13 -0700 2011
  Processing by UsersController#landing_page as HTML
Rendered users/landing_page.html.erb within layouts/application (1.7ms)
Completed 200 OK in 7ms (Views: 6.8ms | ActiveRecord: 0.0ms)


Started GET "/" for 127.0.0.1 at Mon Dec 19 00:56:55 -0700 2011
  Processing by UsersController#landing_page as HTML
Rendered users/landing_page.html.erb within layouts/application (1.8ms)
Completed 200 OK in 8ms (Views: 7.5ms | ActiveRecord: 0.0ms)


Started GET "/stylesheets/images/rusticCard.png" for 127.0.0.1 at Mon Dec 19 00:56:55 -0700 2011

ActionController::RoutingError (No route matches "/stylesheets/images/rusticCard.png"):
  

Rendered /Users/Ben/.rvm/gems/ruby-1.8.7-p352/gems/actionpack-3.0.10/lib/action_dispatch/middleware/templates/rescues/routing_error.erb within rescues/layout (0.8ms)


Started GET "/" for 127.0.0.1 at Mon Dec 19 00:57:26 -0700 2011
  Processing by UsersController#landing_page as HTML
Rendered users/landing_page.html.erb within layouts/application (2.0ms)
Completed 200 OK in 8ms (Views: 7.4ms | ActiveRecord: 0.0ms)


Started GET "/" for 127.0.0.1 at Mon Dec 19 00:57:43 -0700 2011
  Processing by UsersController#landing_page as HTML
Rendered users/landing_page.html.erb within layouts/application (1.6ms)
Completed 200 OK in 8ms (Views: 7.1ms | ActiveRecord: 0.0ms)


Started GET "/" for 127.0.0.1 at Mon Dec 19 00:58:10 -0700 2011
  Processing by UsersController#landing_page as HTML
Rendered users/landing_page.html.erb within layouts/application (2.0ms)
Completed 200 OK in 8ms (Views: 7.6ms | ActiveRecord: 0.0ms)


Started GET "/" for 127.0.0.1 at Mon Dec 19 00:58:20 -0700 2011
  Processing by UsersController#landing_page as HTML
Rendered users/landing_page.html.erb within layouts/application (1.8ms)
Completed 200 OK in 8ms (Views: 7.3ms | ActiveRecord: 0.0ms)


Started GET "/" for 127.0.0.1 at Mon Dec 19 00:58:41 -0700 2011
  Processing by UsersController#landing_page as HTML
Rendered users/landing_page.html.erb within layouts/application (1.7ms)
Completed 200 OK in 7ms (Views: 6.9ms | ActiveRecord: 0.0ms)


Started GET "/" for 127.0.0.1 at Mon Dec 19 00:58:49 -0700 2011
  Processing by UsersController#landing_page as HTML
Rendered users/landing_page.html.erb within layouts/application (1.8ms)
Completed 200 OK in 8ms (Views: 7.1ms | ActiveRecord: 0.0ms)


Started GET "/" for 127.0.0.1 at Mon Dec 19 00:59:03 -0700 2011
  Processing by UsersController#landing_page as HTML
Rendered users/landing_page.html.erb within layouts/application (1.8ms)
Completed 200 OK in 8ms (Views: 7.1ms | ActiveRecord: 0.0ms)


Started GET "/" for 127.0.0.1 at Mon Dec 19 00:59:26 -0700 2011
  Processing by UsersController#landing_page as HTML
Rendered users/landing_page.html.erb within layouts/application (1.8ms)
Completed 200 OK in 8ms (Views: 7.2ms | ActiveRecord: 0.0ms)


Started GET "/" for 127.0.0.1 at Mon Dec 19 01:00:10 -0700 2011
  Processing by UsersController#landing_page as HTML
Rendered users/landing_page.html.erb within layouts/application (1.7ms)
Completed 200 OK in 7ms (Views: 6.8ms | ActiveRecord: 0.0ms)


Started GET "/" for 127.0.0.1 at Mon Dec 19 01:02:10 -0700 2011
  Processing by UsersController#landing_page as HTML
Rendered users/landing_page.html.erb within layouts/application (1.7ms)
Completed 200 OK in 8ms (Views: 7.1ms | ActiveRecord: 0.0ms)


Started GET "/" for 127.0.0.1 at Mon Dec 19 01:03:20 -0700 2011
  Processing by UsersController#landing_page as HTML
Rendered users/landing_page.html.erb within layouts/application (1.8ms)
Completed 200 OK in 7ms (Views: 6.9ms | ActiveRecord: 0.0ms)


Started GET "/" for 127.0.0.1 at Mon Dec 19 01:07:25 -0700 2011
  Processing by UsersController#landing_page as HTML
Rendered users/landing_page.html.erb within layouts/application (1.9ms)
Completed 200 OK in 8ms (Views: 7.5ms | ActiveRecord: 0.0ms)


Started GET "/" for 127.0.0.1 at Mon Dec 19 01:07:54 -0700 2011
  Processing by UsersController#landing_page as HTML
Rendered users/landing_page.html.erb within layouts/application (1.8ms)
Completed 200 OK in 8ms (Views: 7.2ms | ActiveRecord: 0.0ms)


Started GET "/" for 127.0.0.1 at Mon Dec 19 01:08:08 -0700 2011
  Processing by UsersController#landing_page as HTML
Rendered users/landing_page.html.erb within layouts/application (1.7ms)
Completed 200 OK in 7ms (Views: 7.1ms | ActiveRecord: 0.0ms)


Started GET "/" for 127.0.0.1 at Mon Dec 19 01:08:17 -0700 2011
  Processing by UsersController#landing_page as HTML
Rendered users/landing_page.html.erb within layouts/application (1.7ms)
Completed 200 OK in 7ms (Views: 6.9ms | ActiveRecord: 0.0ms)


Started GET "/" for 127.0.0.1 at Mon Dec 19 01:08:25 -0700 2011
  Processing by UsersController#landing_page as HTML
Rendered users/landing_page.html.erb within layouts/application (1.9ms)
Completed 200 OK in 8ms (Views: 7.3ms | ActiveRecord: 0.0ms)


Started GET "/" for 127.0.0.1 at Mon Dec 19 01:08:27 -0700 2011
  Processing by UsersController#landing_page as HTML
Rendered users/landing_page.html.erb within layouts/application (1.8ms)
Completed 200 OK in 8ms (Views: 7.2ms | ActiveRecord: 0.0ms)


Started GET "/" for 127.0.0.1 at Mon Dec 19 01:08:44 -0700 2011
  Processing by UsersController#landing_page as HTML
Rendered users/landing_page.html.erb within layouts/application (1.7ms)
Completed 200 OK in 7ms (Views: 6.9ms | ActiveRecord: 0.0ms)


Started GET "/" for 127.0.0.1 at Mon Dec 19 01:09:17 -0700 2011
  Processing by UsersController#landing_page as HTML
Rendered users/landing_page.html.erb within layouts/application (1.7ms)
Completed 200 OK in 8ms (Views: 7.2ms | ActiveRecord: 0.0ms)


Started GET "/" for 127.0.0.1 at Mon Dec 19 01:18:14 -0700 2011
  Processing by UsersController#landing_page as HTML
Rendered users/landing_page.html.erb within layouts/application (2.1ms)
Completed 200 OK in 9ms (Views: 8.7ms | ActiveRecord: 0.0ms)


Started GET "/" for 127.0.0.1 at Mon Dec 19 01:18:32 -0700 2011
  Processing by UsersController#landing_page as HTML
Rendered users/landing_page.html.erb within layouts/application (1.7ms)
Completed 200 OK in 8ms (Views: 7.3ms | ActiveRecord: 0.0ms)


Started GET "/" for 127.0.0.1 at Mon Dec 19 01:18:46 -0700 2011
  Processing by UsersController#landing_page as HTML
Rendered users/landing_page.html.erb within layouts/application (1.9ms)
Completed 200 OK in 8ms (Views: 7.6ms | ActiveRecord: 0.0ms)


Started GET "/" for 127.0.0.1 at Mon Dec 19 01:25:42 -0700 2011
  Processing by UsersController#landing_page as HTML
Rendered users/landing_page.html.erb within layouts/application (2.1ms)
Completed 200 OK in 8ms (Views: 8.0ms | ActiveRecord: 0.0ms)


Started GET "/" for 127.0.0.1 at Mon Dec 19 01:25:58 -0700 2011
  Processing by UsersController#landing_page as HTML
Rendered users/landing_page.html.erb within layouts/application (1.7ms)
Completed 200 OK in 7ms (Views: 6.8ms | ActiveRecord: 0.0ms)


Started GET "/" for 127.0.0.1 at Mon Dec 19 01:26:51 -0700 2011
  Processing by UsersController#landing_page as HTML
Rendered users/landing_page.html.erb within layouts/application (1.8ms)
Completed 200 OK in 8ms (Views: 7.7ms | ActiveRecord: 0.0ms)


Started GET "/" for 127.0.0.1 at Mon Dec 19 01:27:03 -0700 2011
  Processing by UsersController#landing_page as HTML
Rendered users/landing_page.html.erb within layouts/application (1.7ms)
Completed 200 OK in 8ms (Views: 7.8ms | ActiveRecord: 0.0ms)


Started GET "/" for 127.0.0.1 at Mon Dec 19 01:31:01 -0700 2011
  Processing by UsersController#landing_page as HTML
Rendered users/landing_page.html.erb within layouts/application (2.4ms)
Completed 200 OK in 12ms (Views: 10.8ms | ActiveRecord: 0.0ms)


Started GET "/" for 127.0.0.1 at Mon Dec 19 01:31:15 -0700 2011
  Processing by UsersController#landing_page as HTML
Rendered users/landing_page.html.erb within layouts/application (1.7ms)
Completed 200 OK in 7ms (Views: 7.0ms | ActiveRecord: 0.0ms)


Started GET "/" for 127.0.0.1 at Mon Dec 19 01:31:24 -0700 2011
  Processing by UsersController#landing_page as HTML
Rendered users/landing_page.html.erb within layouts/application (1.7ms)
Completed 200 OK in 8ms (Views: 7.1ms | ActiveRecord: 0.0ms)


Started GET "/" for 127.0.0.1 at Mon Dec 19 01:32:24 -0700 2011
  Processing by UsersController#landing_page as HTML
Rendered users/landing_page.html.erb within layouts/application (1.8ms)
Completed 200 OK in 8ms (Views: 7.1ms | ActiveRecord: 0.0ms)


Started GET "/" for 127.0.0.1 at Mon Dec 19 01:33:15 -0700 2011
  Processing by UsersController#landing_page as HTML
Rendered users/landing_page.html.erb within layouts/application (1.9ms)
Completed 200 OK in 8ms (Views: 7.2ms | ActiveRecord: 0.0ms)


Started GET "/" for 127.0.0.1 at Mon Dec 19 01:33:34 -0700 2011
  Processing by UsersController#landing_page as HTML
Rendered users/landing_page.html.erb within layouts/application (1.8ms)
Completed 200 OK in 7ms (Views: 7.0ms | ActiveRecord: 0.0ms)


Started GET "/" for 127.0.0.1 at Mon Dec 19 01:33:44 -0700 2011
  Processing by UsersController#landing_page as HTML
Rendered users/landing_page.html.erb within layouts/application (1.7ms)
Completed 200 OK in 8ms (Views: 7.6ms | ActiveRecord: 0.0ms)


Started GET "/" for 127.0.0.1 at Mon Dec 19 01:33:53 -0700 2011
  Processing by UsersController#landing_page as HTML
Rendered users/landing_page.html.erb within layouts/application (1.7ms)
Completed 200 OK in 7ms (Views: 6.9ms | ActiveRecord: 0.0ms)


Started GET "/" for 127.0.0.1 at Mon Dec 19 01:34:05 -0700 2011
  Processing by UsersController#landing_page as HTML
Rendered users/landing_page.html.erb within layouts/application (1.7ms)
Completed 200 OK in 7ms (Views: 6.9ms | ActiveRecord: 0.0ms)


Started GET "/" for 127.0.0.1 at Mon Dec 19 01:34:14 -0700 2011
  Processing by UsersController#landing_page as HTML
Rendered users/landing_page.html.erb within layouts/application (1.7ms)
Completed 200 OK in 7ms (Views: 6.9ms | ActiveRecord: 0.0ms)


Started GET "/" for 127.0.0.1 at Mon Dec 19 01:34:28 -0700 2011
  Processing by UsersController#landing_page as HTML
Rendered users/landing_page.html.erb within layouts/application (1.7ms)
Completed 200 OK in 8ms (Views: 7.1ms | ActiveRecord: 0.0ms)


Started GET "/" for 127.0.0.1 at Mon Dec 19 01:34:43 -0700 2011
  Processing by UsersController#landing_page as HTML
Rendered users/landing_page.html.erb within layouts/application (1.9ms)
Completed 200 OK in 7ms (Views: 7.0ms | ActiveRecord: 0.0ms)


Started GET "/" for 127.0.0.1 at Mon Dec 19 01:35:12 -0700 2011
  Processing by UsersController#landing_page as HTML
Rendered users/landing_page.html.erb within layouts/application (2.2ms)
Completed 200 OK in 10ms (Views: 9.2ms | ActiveRecord: 0.0ms)


Started GET "/" for 127.0.0.1 at Mon Dec 19 01:35:22 -0700 2011
  Processing by UsersController#landing_page as HTML
Rendered users/landing_page.html.erb within layouts/application (1.8ms)
Completed 200 OK in 7ms (Views: 7.1ms | ActiveRecord: 0.0ms)


Started GET "/" for 127.0.0.1 at Mon Dec 19 01:35:58 -0700 2011
  Processing by UsersController#landing_page as HTML
Rendered users/landing_page.html.erb within layouts/application (1.8ms)
Completed 200 OK in 8ms (Views: 7.1ms | ActiveRecord: 0.0ms)


Started GET "/" for 127.0.0.1 at Mon Dec 19 01:36:12 -0700 2011
  Processing by UsersController#landing_page as HTML
Rendered users/landing_page.html.erb within layouts/application (1.7ms)
Completed 200 OK in 8ms (Views: 7.1ms | ActiveRecord: 0.0ms)


Started GET "/" for 127.0.0.1 at Mon Dec 19 01:36:29 -0700 2011
  Processing by UsersController#landing_page as HTML
Rendered users/landing_page.html.erb within layouts/application (1.7ms)
Completed 200 OK in 7ms (Views: 6.9ms | ActiveRecord: 0.0ms)


Started GET "/" for 127.0.0.1 at Mon Dec 19 01:36:46 -0700 2011
  Processing by UsersController#landing_page as HTML
Rendered users/landing_page.html.erb within layouts/application (1.8ms)
Completed 200 OK in 8ms (Views: 7.3ms | ActiveRecord: 0.0ms)


Started GET "/" for 127.0.0.1 at Mon Dec 19 01:37:13 -0700 2011
  Processing by UsersController#landing_page as HTML
Rendered users/landing_page.html.erb within layouts/application (1.7ms)
Completed 200 OK in 7ms (Views: 6.9ms | ActiveRecord: 0.0ms)


Started GET "/" for 127.0.0.1 at Mon Dec 19 01:37:29 -0700 2011
  Processing by UsersController#landing_page as HTML
Rendered users/landing_page.html.erb within layouts/application (1.9ms)
Completed 200 OK in 8ms (Views: 7.3ms | ActiveRecord: 0.0ms)


Started GET "/" for 127.0.0.1 at Mon Dec 19 01:37:45 -0700 2011
  Processing by UsersController#landing_page as HTML
Rendered users/landing_page.html.erb within layouts/application (1.7ms)
Completed 200 OK in 7ms (Views: 7.0ms | ActiveRecord: 0.0ms)


Started GET "/" for 127.0.0.1 at Mon Dec 19 01:37:56 -0700 2011
  Processing by UsersController#landing_page as HTML
Rendered users/landing_page.html.erb within layouts/application (1.9ms)
Completed 200 OK in 8ms (Views: 7.4ms | ActiveRecord: 0.0ms)


Started GET "/" for 127.0.0.1 at Mon Dec 19 01:38:10 -0700 2011
  Processing by UsersController#landing_page as HTML
Rendered users/landing_page.html.erb within layouts/application (1.8ms)
Completed 200 OK in 8ms (Views: 7.3ms | ActiveRecord: 0.0ms)


Started GET "/" for 127.0.0.1 at Mon Dec 19 01:39:36 -0700 2011
  Processing by UsersController#landing_page as HTML
Rendered users/landing_page.html.erb within layouts/application (1.9ms)
Completed 200 OK in 8ms (Views: 7.1ms | ActiveRecord: 0.0ms)


Started GET "/" for 127.0.0.1 at Mon Dec 19 01:39:46 -0700 2011
  Processing by UsersController#landing_page as HTML
Rendered users/landing_page.html.erb within layouts/application (1.8ms)
Completed 200 OK in 8ms (Views: 7.1ms | ActiveRecord: 0.0ms)


Started GET "/" for 127.0.0.1 at Mon Dec 19 01:40:16 -0700 2011
  Processing by UsersController#landing_page as HTML
Rendered users/landing_page.html.erb within layouts/application (1.7ms)
Completed 200 OK in 8ms (Views: 7.5ms | ActiveRecord: 0.0ms)


Started GET "/" for 127.0.0.1 at Mon Dec 19 01:40:33 -0700 2011
  Processing by UsersController#landing_page as HTML
Rendered users/landing_page.html.erb within layouts/application (1.7ms)
Completed 200 OK in 8ms (Views: 7.3ms | ActiveRecord: 0.0ms)


Started GET "/" for 127.0.0.1 at Mon Dec 19 01:40:51 -0700 2011
  Processing by UsersController#landing_page as HTML
Rendered users/landing_page.html.erb within layouts/application (1.7ms)
Completed 200 OK in 7ms (Views: 6.9ms | ActiveRecord: 0.0ms)


Started GET "/" for 127.0.0.1 at Mon Dec 19 01:41:12 -0700 2011
  Processing by UsersController#landing_page as HTML
Rendered users/landing_page.html.erb within layouts/application (2.0ms)
Completed 200 OK in 8ms (Views: 7.9ms | ActiveRecord: 0.0ms)


Started GET "/" for 127.0.0.1 at Mon Dec 19 01:41:32 -0700 2011
  Processing by UsersController#landing_page as HTML
Rendered users/landing_page.html.erb within layouts/application (1.6ms)
Completed 200 OK in 7ms (Views: 6.9ms | ActiveRecord: 0.0ms)


Started GET "/" for 127.0.0.1 at Mon Dec 19 01:41:53 -0700 2011
  Processing by UsersController#landing_page as HTML
Rendered users/landing_page.html.erb within layouts/application (1.8ms)
Completed 200 OK in 7ms (Views: 7.0ms | ActiveRecord: 0.0ms)


Started GET "/" for 127.0.0.1 at Mon Dec 19 01:42:10 -0700 2011
  Processing by UsersController#landing_page as HTML
Rendered users/landing_page.html.erb within layouts/application (1.7ms)
Completed 200 OK in 7ms (Views: 6.9ms | ActiveRecord: 0.0ms)


Started GET "/" for 127.0.0.1 at Mon Dec 19 01:43:10 -0700 2011
  Processing by UsersController#landing_page as HTML
Rendered users/landing_page.html.erb within layouts/application (1.7ms)
Completed 200 OK in 8ms (Views: 7.7ms | ActiveRecord: 0.0ms)


Started GET "/" for 127.0.0.1 at Mon Dec 19 01:43:41 -0700 2011
  Processing by UsersController#landing_page as HTML
Rendered users/landing_page.html.erb within layouts/application (1.8ms)
Completed 200 OK in 7ms (Views: 7.0ms | ActiveRecord: 0.0ms)


Started GET "/" for 127.0.0.1 at Mon Dec 19 01:44:00 -0700 2011
  Processing by UsersController#landing_page as HTML
Rendered users/landing_page.html.erb within layouts/application (1.7ms)
Completed 200 OK in 8ms (Views: 7.1ms | ActiveRecord: 0.0ms)


Started GET "/" for 127.0.0.1 at Mon Dec 19 01:44:08 -0700 2011
  Processing by UsersController#landing_page as HTML
Rendered users/landing_page.html.erb within layouts/application (1.8ms)
Completed 200 OK in 7ms (Views: 7.0ms | ActiveRecord: 0.0ms)


Started GET "/" for 127.0.0.1 at Mon Dec 19 01:44:23 -0700 2011
  Processing by UsersController#landing_page as HTML
Rendered users/landing_page.html.erb within layouts/application (2.0ms)
Completed 200 OK in 10ms (Views: 9.1ms | ActiveRecord: 0.0ms)


Started GET "/" for 127.0.0.1 at Mon Dec 19 01:44:47 -0700 2011
  Processing by UsersController#landing_page as HTML
Rendered users/landing_page.html.erb within layouts/application (1.8ms)
Completed 200 OK in 8ms (Views: 7.1ms | ActiveRecord: 0.0ms)


Started GET "/" for 127.0.0.1 at Mon Dec 19 01:45:08 -0700 2011
  Processing by UsersController#landing_page as HTML
Rendered users/landing_page.html.erb within layouts/application (1.7ms)
Completed 200 OK in 7ms (Views: 6.8ms | ActiveRecord: 0.0ms)


Started GET "/" for 127.0.0.1 at Mon Dec 19 01:45:43 -0700 2011
  Processing by UsersController#landing_page as HTML
Rendered users/landing_page.html.erb within layouts/application (1.7ms)
Completed 200 OK in 8ms (Views: 7.4ms | ActiveRecord: 0.0ms)


Started GET "/" for 127.0.0.1 at Mon Dec 19 01:46:21 -0700 2011
  Processing by UsersController#landing_page as HTML
Rendered users/landing_page.html.erb within layouts/application (1.8ms)
Completed 200 OK in 8ms (Views: 7.0ms | ActiveRecord: 0.0ms)


Started GET "/" for 127.0.0.1 at Mon Dec 19 01:48:01 -0700 2011
  Processing by UsersController#landing_page as HTML
Rendered users/landing_page.html.erb within layouts/application (1.7ms)
Completed 200 OK in 8ms (Views: 7.4ms | ActiveRecord: 0.0ms)


Started GET "/" for 127.0.0.1 at Mon Dec 19 01:48:19 -0700 2011
  Processing by UsersController#landing_page as HTML
Rendered users/landing_page.html.erb within layouts/application (1.8ms)
Completed 200 OK in 8ms (Views: 7.0ms | ActiveRecord: 0.0ms)


Started GET "/" for 127.0.0.1 at Mon Dec 19 01:48:36 -0700 2011
  Processing by UsersController#landing_page as HTML
Rendered users/landing_page.html.erb within layouts/application (1.7ms)
Completed 200 OK in 7ms (Views: 7.0ms | ActiveRecord: 0.0ms)


Started GET "/" for 127.0.0.1 at Mon Dec 19 01:50:12 -0700 2011
  Processing by UsersController#landing_page as HTML
Rendered users/landing_page.html.erb within layouts/application (1.7ms)
Completed 200 OK in 8ms (Views: 7.5ms | ActiveRecord: 0.0ms)


Started GET "/" for 127.0.0.1 at Mon Dec 19 01:50:22 -0700 2011
  Processing by UsersController#landing_page as HTML
Rendered users/landing_page.html.erb within layouts/application (1.8ms)
Completed 200 OK in 8ms (Views: 7.8ms | ActiveRecord: 0.0ms)


Started GET "/" for 127.0.0.1 at Mon Dec 19 01:50:41 -0700 2011
  Processing by UsersController#landing_page as HTML
Rendered users/landing_page.html.erb within layouts/application (1.9ms)
Completed 200 OK in 8ms (Views: 7.4ms | ActiveRecord: 0.0ms)


Started GET "/" for 127.0.0.1 at Mon Dec 19 01:50:58 -0700 2011
  Processing by UsersController#landing_page as HTML
Rendered users/landing_page.html.erb within layouts/application (1.8ms)
Completed 200 OK in 7ms (Views: 7.0ms | ActiveRecord: 0.0ms)


Started GET "/" for 127.0.0.1 at Mon Dec 19 01:51:07 -0700 2011
  Processing by UsersController#landing_page as HTML
Rendered users/landing_page.html.erb within layouts/application (1.8ms)
Completed 200 OK in 8ms (Views: 7.3ms | ActiveRecord: 0.0ms)


Started GET "/" for 127.0.0.1 at Mon Dec 19 01:51:18 -0700 2011
  Processing by UsersController#landing_page as HTML
Rendered users/landing_page.html.erb within layouts/application (1.7ms)
Completed 200 OK in 7ms (Views: 7.0ms | ActiveRecord: 0.0ms)


Started GET "/" for 127.0.0.1 at Mon Dec 19 01:53:11 -0700 2011
  Processing by UsersController#landing_page as HTML
Rendered users/landing_page.html.erb within layouts/application (1.8ms)
Completed 200 OK in 8ms (Views: 7.5ms | ActiveRecord: 0.0ms)
DEPRECATION WARNING: config.action_view.debug_rjs will be removed in 3.1, from 3.1 onwards you will need to install prototype-rails to continue to use RJS templates . (called from service at /Users/Ben/.rvm/rubies/ruby-1.8.7-p352/lib/ruby/1.8/webrick/httpserver.rb:104)


Started GET "/" for 127.0.0.1 at Mon Dec 19 14:13:04 -0700 2011
  Processing by UsersController#landing_page as HTML
Rendered users/landing_page.html.erb within layouts/application (2.3ms)
Completed 200 OK in 24ms (Views: 23.5ms | ActiveRecord: 0.0ms)


Started GET "/" for 127.0.0.1 at Mon Dec 19 14:13:16 -0700 2011
  Processing by UsersController#landing_page as HTML
Rendered users/landing_page.html.erb within layouts/application (1.9ms)
Completed 200 OK in 8ms (Views: 7.5ms | ActiveRecord: 0.0ms)


Started GET "/" for 127.0.0.1 at Mon Dec 19 14:14:04 -0700 2011
  Processing by UsersController#landing_page as HTML
Rendered users/landing_page.html.erb within layouts/application (2.2ms)
Completed 200 OK in 10ms (Views: 9.8ms | ActiveRecord: 0.0ms)


Started GET "/" for 127.0.0.1 at Mon Dec 19 14:17:07 -0700 2011
  Processing by UsersController#landing_page as HTML
Rendered users/landing_page.html.erb within layouts/application (1.8ms)
Completed 200 OK in 7ms (Views: 6.9ms | ActiveRecord: 0.0ms)


Started GET "/" for 127.0.0.1 at Mon Dec 19 14:20:53 -0700 2011
  Processing by UsersController#landing_page as HTML
Rendered users/landing_page.html.erb within layouts/application (23.4ms)
Completed 200 OK in 30ms (Views: 29.4ms | ActiveRecord: 0.0ms)
